Analysis & Synthesis report for subtractor
Wed Dec  7 16:01:06 2022
Quartus Prime Version 21.1.1 Build 850 06/23/2022 SJ Standard Edition


---------------------
; Table of Contents ;
---------------------
  1. Legal Notice
  2. Analysis & Synthesis Summary
  3. Analysis & Synthesis Settings
  4. Parallel Compilation
  5. Analysis & Synthesis Source Files Read
  6. Analysis & Synthesis Resource Usage Summary
  7. Analysis & Synthesis Resource Utilization by Entity
  8. General Register Statistics
  9. Inverted Register Statistics
 10. Multiplexer Restructuring Statistics (Restructuring Performed)
 11. Post-Synthesis Netlist Statistics for Top Partition
 12. Elapsed Time Per Partition
 13. Analysis & Synthesis Messages



----------------
; Legal Notice ;
----------------
Copyright (C) 2022  Intel Corporation. All rights reserved.
Your use of Intel Corporation's design tools, logic functions 
and other software and tools, and any partner logic 
functions, and any output files from any of the foregoing 
(including device programming or simulation files), and any 
associated documentation or information are expressly subject 
to the terms and conditions of the Intel Program License 
Subscription Agreement, the Intel Quartus Prime License Agreement,
the Intel FPGA IP License Agreement, or other applicable license
agreement, including, without limitation, that your use is for
the sole purpose of programming logic devices manufactured by
Intel and sold by Intel or its authorized distributors.  Please
refer to the applicable agreement for further details, at
https://fpgasoftware.intel.com/eula.



+--------------------------------------------------------------------------------------+
; Analysis & Synthesis Summary                                                         ;
+------------------------------------+-------------------------------------------------+
; Analysis & Synthesis Status        ; Successful - Wed Dec  7 16:01:06 2022           ;
; Quartus Prime Version              ; 21.1.1 Build 850 06/23/2022 SJ Standard Edition ;
; Revision Name                      ; subtractor                                      ;
; Top-level Entity Name              ; subtractor                                      ;
; Family                             ; Cyclone IV E                                    ;
; Total logic elements               ; 60                                              ;
;     Total combinational functions  ; 60                                              ;
;     Dedicated logic registers      ; 32                                              ;
; Total registers                    ; 32                                              ;
; Total pins                         ; 9                                               ;
; Total virtual pins                 ; 0                                               ;
; Total memory bits                  ; 0                                               ;
; Embedded Multiplier 9-bit elements ; 0                                               ;
; Total PLLs                         ; 0                                               ;
+------------------------------------+-------------------------------------------------+


+------------------------------------------------------------------------------------------------------------+
; Analysis & Synthesis Settings                                                                              ;
+------------------------------------------------------------------+--------------------+--------------------+
; Option                                                           ; Setting            ; Default Value      ;
+------------------------------------------------------------------+--------------------+--------------------+
; Device                                                           ; EP4CE115F29C7      ;                    ;
; Top-level entity name                                            ; subtractor         ; subtractor         ;
; Family name                                                      ; Cyclone IV E       ; Cyclone V          ;
; Use smart compilation                                            ; Off                ; Off                ;
; Enable parallel Assembler and Timing Analyzer during compilation ; On                 ; On                 ;
; Enable compact report table                                      ; Off                ; Off                ;
; Restructure Multiplexers                                         ; Auto               ; Auto               ;
; Create Debugging Nodes for IP Cores                              ; Off                ; Off                ;
; Preserve fewer node names                                        ; On                 ; On                 ;
; Intel FPGA IP Evaluation Mode                                    ; Enable             ; Enable             ;
; Verilog Version                                                  ; Verilog_2001       ; Verilog_2001       ;
; VHDL Version                                                     ; VHDL_1993          ; VHDL_1993          ;
; State Machine Processing                                         ; Auto               ; Auto               ;
; Safe State Machine                                               ; Off                ; Off                ;
; Extract Verilog State Machines                                   ; On                 ; On                 ;
; Extract VHDL State Machines                                      ; On                 ; On                 ;
; Ignore Verilog initial constructs                                ; Off                ; Off                ;
; Iteration limit for constant Verilog loops                       ; 5000               ; 5000               ;
; Iteration limit for non-constant Verilog loops                   ; 250                ; 250                ;
; Add Pass-Through Logic to Inferred RAMs                          ; On                 ; On                 ;
; Infer RAMs from Raw Logic                                        ; On                 ; On                 ;
; Parallel Synthesis                                               ; On                 ; On                 ;
; DSP Block Balancing                                              ; Auto               ; Auto               ;
; NOT Gate Push-Back                                               ; On                 ; On                 ;
; Power-Up Don't Care                                              ; On                 ; On                 ;
; Remove Redundant Logic Cells                                     ; Off                ; Off                ;
; Remove Duplicate Registers                                       ; On                 ; On                 ;
; Ignore CARRY Buffers                                             ; Off                ; Off                ;
; Ignore CASCADE Buffers                                           ; Off                ; Off                ;
; Ignore GLOBAL Buffers                                            ; Off                ; Off                ;
; Ignore ROW GLOBAL Buffers                                        ; Off                ; Off                ;
; Ignore LCELL Buffers                                             ; Off                ; Off                ;
; Ignore SOFT Buffers                                              ; On                 ; On                 ;
; Limit AHDL Integers to 32 Bits                                   ; Off                ; Off                ;
; Optimization Technique                                           ; Balanced           ; Balanced           ;
; Carry Chain Length                                               ; 70                 ; 70                 ;
; Auto Carry Chains                                                ; On                 ; On                 ;
; Auto Open-Drain Pins                                             ; On                 ; On                 ;
; Perform WYSIWYG Primitive Resynthesis                            ; Off                ; Off                ;
; Auto ROM Replacement                                             ; On                 ; On                 ;
; Auto RAM Replacement                                             ; On                 ; On                 ;
; Auto DSP Block Replacement                                       ; On                 ; On                 ;
; Auto Shift Register Replacement                                  ; Auto               ; Auto               ;
; Allow Shift Register Merging across Hierarchies                  ; Auto               ; Auto               ;
; Auto Clock Enable Replacement                                    ; On                 ; On                 ;
; Strict RAM Replacement                                           ; Off                ; Off                ;
; Allow Synchronous Control Signals                                ; On                 ; On                 ;
; Force Use of Synchronous Clear Signals                           ; Off                ; Off                ;
; Auto RAM Block Balancing                                         ; On                 ; On                 ;
; Auto RAM to Logic Cell Conversion                                ; Off                ; Off                ;
; Auto Resource Sharing                                            ; Off                ; Off                ;
; Allow Any RAM Size For Recognition                               ; Off                ; Off                ;
; Allow Any ROM Size For Recognition                               ; Off                ; Off                ;
; Allow Any Shift Register Size For Recognition                    ; Off                ; Off                ;
; Use LogicLock Constraints during Resource Balancing              ; On                 ; On                 ;
; Ignore translate_off and synthesis_off directives                ; Off                ; Off                ;
; Timing-Driven Synthesis                                          ; On                 ; On                 ;
; Report Parameter Settings                                        ; On                 ; On                 ;
; Report Source Assignments                                        ; On                 ; On                 ;
; Report Connectivity Checks                                       ; On                 ; On                 ;
; Ignore Maximum Fan-Out Assignments                               ; Off                ; Off                ;
; Synchronization Register Chain Length                            ; 2                  ; 2                  ;
; Power Optimization During Synthesis                              ; Normal compilation ; Normal compilation ;
; HDL message level                                                ; Level2             ; Level2             ;
; Suppress Register Optimization Related Messages                  ; Off                ; Off                ;
; Number of Removed Registers Reported in Synthesis Report         ; 5000               ; 5000               ;
; Number of Swept Nodes Reported in Synthesis Report               ; 5000               ; 5000               ;
; Number of Inverted Registers Reported in Synthesis Report        ; 100                ; 100                ;
; Clock MUX Protection                                             ; On                 ; On                 ;
; Auto Gated Clock Conversion                                      ; Off                ; Off                ;
; Block Design Naming                                              ; Auto               ; Auto               ;
; SDC constraint protection                                        ; Off                ; Off                ;
; Synthesis Effort                                                 ; Auto               ; Auto               ;
; Shift Register Replacement - Allow Asynchronous Clear Signal     ; On                 ; On                 ;
; Pre-Mapping Resynthesis Optimization                             ; Off                ; Off                ;
; Analysis & Synthesis Message Level                               ; Medium             ; Medium             ;
; Disable Register Merging Across Hierarchies                      ; Auto               ; Auto               ;
; Resource Aware Inference For Block RAM                           ; On                 ; On                 ;
+------------------------------------------------------------------+--------------------+--------------------+


+------------------------------------------+
; Parallel Compilation                     ;
+----------------------------+-------------+
; Processors                 ; Number      ;
+----------------------------+-------------+
; Number detected on machine ; 20          ;
; Maximum allowed            ; 12          ;
;                            ;             ;
; Average used               ; 1.00        ;
; Maximum used               ; 12          ;
;                            ;             ;
; Usage by Processor         ; % Time Used ;
;     Processor 1            ; 100.0%      ;
;     Processor 2            ;   0.0%      ;
;     Processors 3-12        ;   0.0%      ;
+----------------------------+-------------+


+-------------------------------------------------------------------------------------------------------------------------------------------------------------------------+
; Analysis & Synthesis Source Files Read                                                                                                                                  ;
+----------------------------------+-----------------+------------------------------------------+---------------------------------------------------------------+---------+
; File Name with User-Entered Path ; Used in Netlist ; File Type                                ; File Name with Absolute Path                                  ; Library ;
+----------------------------------+-----------------+------------------------------------------+---------------------------------------------------------------+---------+
; subtractor.bdf                   ; yes             ; Auto-Found Block Diagram/Schematic File  ; U:/CPRE281/zFinalProj/subtractor/subtractor.bdf               ;         ;
; mux8_8b.v                        ; yes             ; Auto-Found Verilog HDL File              ; U:/CPRE281/zFinalProj/subtractor/mux8_8b.v                    ;         ;
; jkff2.bdf                        ; yes             ; Megafunction                             ; c:/intelfpga/21.1/quartus/libraries/others/maxplus2/jkff2.bdf ;         ;
; decoder3to8.v                    ; yes             ; Auto-Found Verilog HDL File              ; U:/CPRE281/zFinalProj/subtractor/decoder3to8.v                ;         ;
+----------------------------------+-----------------+------------------------------------------+---------------------------------------------------------------+---------+


+-----------------------------------------------------------+
; Analysis & Synthesis Resource Usage Summary               ;
+---------------------------------------------+-------------+
; Resource                                    ; Usage       ;
+---------------------------------------------+-------------+
; Estimated Total logic elements              ; 60          ;
;                                             ;             ;
; Total combinational functions               ; 60          ;
; Logic element usage by number of LUT inputs ;             ;
;     -- 4 input functions                    ; 24          ;
;     -- 3 input functions                    ; 4           ;
;     -- <=2 input functions                  ; 32          ;
;                                             ;             ;
; Logic elements by mode                      ;             ;
;     -- normal mode                          ; 60          ;
;     -- arithmetic mode                      ; 0           ;
;                                             ;             ;
; Total registers                             ; 32          ;
;     -- Dedicated logic registers            ; 32          ;
;     -- I/O registers                        ; 0           ;
;                                             ;             ;
; I/O pins                                    ; 9           ;
;                                             ;             ;
; Embedded Multiplier 9-bit elements          ; 0           ;
;                                             ;             ;
; Maximum fan-out node                        ; Reset~input ;
; Maximum fan-out                             ; 32          ;
; Total fan-out                               ; 249         ;
; Average fan-out                             ; 2.26        ;
+---------------------------------------------+-------------+


+---------------------------------------------------------------------------------------------------------------------------------------------------------------------------------------------------------------------+
; Analysis & Synthesis Resource Utilization by Entity                                                                                                                                                                 ;
+----------------------------+---------------------+---------------------------+-------------+--------------+---------+-----------+------+--------------+--------------------------------+-------------+--------------+
; Compilation Hierarchy Node ; Combinational ALUTs ; Dedicated Logic Registers ; Memory Bits ; DSP Elements ; DSP 9x9 ; DSP 18x18 ; Pins ; Virtual Pins ; Full Hierarchy Name            ; Entity Name ; Library Name ;
+----------------------------+---------------------+---------------------------+-------------+--------------+---------+-----------+------+--------------+--------------------------------+-------------+--------------+
; |subtractor                ; 60 (0)              ; 32 (0)                    ; 0           ; 0            ; 0       ; 0         ; 9    ; 0            ; |subtractor                    ; subtractor  ; work         ;
;    |Decoder3to8:inst44|    ; 8 (8)               ; 0 (0)                     ; 0           ; 0            ; 0       ; 0         ; 0    ; 0            ; |subtractor|Decoder3to8:inst44 ; Decoder3to8 ; work         ;
;    |Mux8_8b:inst48|        ; 20 (20)             ; 0 (0)                     ; 0           ; 0            ; 0       ; 0         ; 0    ; 0            ; |subtractor|Mux8_8b:inst48     ; Mux8_8b     ; work         ;
;    |jkff2:inst10|          ; 1 (1)               ; 1 (1)                     ; 0           ; 0            ; 0       ; 0         ; 0    ; 0            ; |subtractor|jkff2:inst10       ; jkff2       ; work         ;
;    |jkff2:inst12|          ; 1 (1)               ; 1 (1)                     ; 0           ; 0            ; 0       ; 0         ; 0    ; 0            ; |subtractor|jkff2:inst12       ; jkff2       ; work         ;
;    |jkff2:inst13|          ; 1 (1)               ; 1 (1)                     ; 0           ; 0            ; 0       ; 0         ; 0    ; 0            ; |subtractor|jkff2:inst13       ; jkff2       ; work         ;
;    |jkff2:inst14|          ; 1 (1)               ; 1 (1)                     ; 0           ; 0            ; 0       ; 0         ; 0    ; 0            ; |subtractor|jkff2:inst14       ; jkff2       ; work         ;
;    |jkff2:inst15|          ; 1 (1)               ; 1 (1)                     ; 0           ; 0            ; 0       ; 0         ; 0    ; 0            ; |subtractor|jkff2:inst15       ; jkff2       ; work         ;
;    |jkff2:inst17|          ; 1 (1)               ; 1 (1)                     ; 0           ; 0            ; 0       ; 0         ; 0    ; 0            ; |subtractor|jkff2:inst17       ; jkff2       ; work         ;
;    |jkff2:inst18|          ; 1 (1)               ; 1 (1)                     ; 0           ; 0            ; 0       ; 0         ; 0    ; 0            ; |subtractor|jkff2:inst18       ; jkff2       ; work         ;
;    |jkff2:inst19|          ; 1 (1)               ; 1 (1)                     ; 0           ; 0            ; 0       ; 0         ; 0    ; 0            ; |subtractor|jkff2:inst19       ; jkff2       ; work         ;
;    |jkff2:inst20|          ; 1 (1)               ; 1 (1)                     ; 0           ; 0            ; 0       ; 0         ; 0    ; 0            ; |subtractor|jkff2:inst20       ; jkff2       ; work         ;
;    |jkff2:inst22|          ; 1 (1)               ; 1 (1)                     ; 0           ; 0            ; 0       ; 0         ; 0    ; 0            ; |subtractor|jkff2:inst22       ; jkff2       ; work         ;
;    |jkff2:inst23|          ; 1 (1)               ; 1 (1)                     ; 0           ; 0            ; 0       ; 0         ; 0    ; 0            ; |subtractor|jkff2:inst23       ; jkff2       ; work         ;
;    |jkff2:inst24|          ; 1 (1)               ; 1 (1)                     ; 0           ; 0            ; 0       ; 0         ; 0    ; 0            ; |subtractor|jkff2:inst24       ; jkff2       ; work         ;
;    |jkff2:inst25|          ; 1 (1)               ; 1 (1)                     ; 0           ; 0            ; 0       ; 0         ; 0    ; 0            ; |subtractor|jkff2:inst25       ; jkff2       ; work         ;
;    |jkff2:inst27|          ; 1 (1)               ; 1 (1)                     ; 0           ; 0            ; 0       ; 0         ; 0    ; 0            ; |subtractor|jkff2:inst27       ; jkff2       ; work         ;
;    |jkff2:inst28|          ; 1 (1)               ; 1 (1)                     ; 0           ; 0            ; 0       ; 0         ; 0    ; 0            ; |subtractor|jkff2:inst28       ; jkff2       ; work         ;
;    |jkff2:inst29|          ; 1 (1)               ; 1 (1)                     ; 0           ; 0            ; 0       ; 0         ; 0    ; 0            ; |subtractor|jkff2:inst29       ; jkff2       ; work         ;
;    |jkff2:inst2|           ; 1 (1)               ; 1 (1)                     ; 0           ; 0            ; 0       ; 0         ; 0    ; 0            ; |subtractor|jkff2:inst2        ; jkff2       ; work         ;
;    |jkff2:inst30|          ; 1 (1)               ; 1 (1)                     ; 0           ; 0            ; 0       ; 0         ; 0    ; 0            ; |subtractor|jkff2:inst30       ; jkff2       ; work         ;
;    |jkff2:inst32|          ; 1 (1)               ; 1 (1)                     ; 0           ; 0            ; 0       ; 0         ; 0    ; 0            ; |subtractor|jkff2:inst32       ; jkff2       ; work         ;
;    |jkff2:inst33|          ; 1 (1)               ; 1 (1)                     ; 0           ; 0            ; 0       ; 0         ; 0    ; 0            ; |subtractor|jkff2:inst33       ; jkff2       ; work         ;
;    |jkff2:inst34|          ; 1 (1)               ; 1 (1)                     ; 0           ; 0            ; 0       ; 0         ; 0    ; 0            ; |subtractor|jkff2:inst34       ; jkff2       ; work         ;
;    |jkff2:inst35|          ; 1 (1)               ; 1 (1)                     ; 0           ; 0            ; 0       ; 0         ; 0    ; 0            ; |subtractor|jkff2:inst35       ; jkff2       ; work         ;
;    |jkff2:inst37|          ; 1 (1)               ; 1 (1)                     ; 0           ; 0            ; 0       ; 0         ; 0    ; 0            ; |subtractor|jkff2:inst37       ; jkff2       ; work         ;
;    |jkff2:inst38|          ; 1 (1)               ; 1 (1)                     ; 0           ; 0            ; 0       ; 0         ; 0    ; 0            ; |subtractor|jkff2:inst38       ; jkff2       ; work         ;
;    |jkff2:inst39|          ; 1 (1)               ; 1 (1)                     ; 0           ; 0            ; 0       ; 0         ; 0    ; 0            ; |subtractor|jkff2:inst39       ; jkff2       ; work         ;
;    |jkff2:inst3|           ; 1 (1)               ; 1 (1)                     ; 0           ; 0            ; 0       ; 0         ; 0    ; 0            ; |subtractor|jkff2:inst3        ; jkff2       ; work         ;
;    |jkff2:inst40|          ; 1 (1)               ; 1 (1)                     ; 0           ; 0            ; 0       ; 0         ; 0    ; 0            ; |subtractor|jkff2:inst40       ; jkff2       ; work         ;
;    |jkff2:inst6|           ; 1 (1)               ; 1 (1)                     ; 0           ; 0            ; 0       ; 0         ; 0    ; 0            ; |subtractor|jkff2:inst6        ; jkff2       ; work         ;
;    |jkff2:inst7|           ; 1 (1)               ; 1 (1)                     ; 0           ; 0            ; 0       ; 0         ; 0    ; 0            ; |subtractor|jkff2:inst7        ; jkff2       ; work         ;
;    |jkff2:inst8|           ; 1 (1)               ; 1 (1)                     ; 0           ; 0            ; 0       ; 0         ; 0    ; 0            ; |subtractor|jkff2:inst8        ; jkff2       ; work         ;
;    |jkff2:inst9|           ; 1 (1)               ; 1 (1)                     ; 0           ; 0            ; 0       ; 0         ; 0    ; 0            ; |subtractor|jkff2:inst9        ; jkff2       ; work         ;
;    |jkff2:inst|            ; 1 (1)               ; 1 (1)                     ; 0           ; 0            ; 0       ; 0         ; 0    ; 0            ; |subtractor|jkff2:inst         ; jkff2       ; work         ;
+----------------------------+---------------------+---------------------------+-------------+--------------+---------+-----------+------+--------------+--------------------------------+-------------+--------------+
Note: For table entries with two numbers listed, the numbers in parentheses indicate the number of resources of the given type used by the specific entity alone. The numbers listed outside of parentheses indicate the total resources of the given type used by the specific entity and all of its sub-entities in the hierarchy.


+------------------------------------------------------+
; General Register Statistics                          ;
+----------------------------------------------+-------+
; Statistic                                    ; Value ;
+----------------------------------------------+-------+
; Total registers                              ; 32    ;
; Number of registers using Synchronous Clear  ; 0     ;
; Number of registers using Synchronous Load   ; 0     ;
; Number of registers using Asynchronous Clear ; 32    ;
; Number of registers using Asynchronous Load  ; 0     ;
; Number of registers using Clock Enable       ; 0     ;
; Number of registers using Preset             ; 0     ;
+----------------------------------------------+-------+


+---------------------------------------------------+
; Inverted Register Statistics                      ;
+-----------------------------------------+---------+
; Inverted Register                       ; Fan out ;
+-----------------------------------------+---------+
; jkff2:inst30|2                          ; 2       ;
; jkff2:inst35|2                          ; 2       ;
; jkff2:inst25|2                          ; 2       ;
; jkff2:inst40|2                          ; 2       ;
; jkff2:inst15|2                          ; 2       ;
; jkff2:inst10|2                          ; 2       ;
; jkff2:inst6|2                           ; 2       ;
; jkff2:inst20|2                          ; 2       ;
; jkff2:inst29|2                          ; 3       ;
; jkff2:inst34|2                          ; 3       ;
; jkff2:inst24|2                          ; 3       ;
; jkff2:inst39|2                          ; 3       ;
; jkff2:inst14|2                          ; 3       ;
; jkff2:inst9|2                           ; 3       ;
; jkff2:inst3|2                           ; 3       ;
; jkff2:inst19|2                          ; 3       ;
; jkff2:inst28|2                          ; 3       ;
; jkff2:inst33|2                          ; 3       ;
; jkff2:inst23|2                          ; 3       ;
; jkff2:inst38|2                          ; 3       ;
; jkff2:inst13|2                          ; 3       ;
; jkff2:inst8|2                           ; 3       ;
; jkff2:inst|2                            ; 3       ;
; jkff2:inst18|2                          ; 3       ;
; jkff2:inst27|2                          ; 3       ;
; jkff2:inst32|2                          ; 3       ;
; jkff2:inst22|2                          ; 3       ;
; jkff2:inst37|2                          ; 3       ;
; jkff2:inst12|2                          ; 3       ;
; jkff2:inst7|2                           ; 3       ;
; jkff2:inst2|2                           ; 3       ;
; jkff2:inst17|2                          ; 3       ;
; Total number of inverted registers = 32 ;         ;
+-----------------------------------------+---------+


+-----------------------------------------------------------------------------------------------------------------------------------------------+
; Multiplexer Restructuring Statistics (Restructuring Performed)                                                                                ;
+--------------------+-----------+---------------+----------------------+------------------------+------------+---------------------------------+
; Multiplexer Inputs ; Bus Width ; Baseline Area ; Area if Restructured ; Saving if Restructured ; Registered ; Example Multiplexer Output      ;
+--------------------+-----------+---------------+----------------------+------------------------+------------+---------------------------------+
; 8:1                ; 4 bits    ; 20 LEs        ; 20 LEs               ; 0 LEs                  ; No         ; |subtractor|Mux8_8b:inst48|Mux0 ;
+--------------------+-----------+---------------+----------------------+------------------------+------------+---------------------------------+


+-----------------------------------------------------+
; Post-Synthesis Netlist Statistics for Top Partition ;
+-----------------------+-----------------------------+
; Type                  ; Count                       ;
+-----------------------+-----------------------------+
; boundary_port         ; 9                           ;
; cycloneiii_ff         ; 32                          ;
;     CLR               ; 32                          ;
; cycloneiii_lcell_comb ; 60                          ;
;     normal            ; 60                          ;
;         1 data inputs ; 32                          ;
;         3 data inputs ; 4                           ;
;         4 data inputs ; 24                          ;
;                       ;                             ;
; Max LUT depth         ; 3.00                        ;
; Average LUT depth     ; 1.94                        ;
+-----------------------+-----------------------------+


+-------------------------------+
; Elapsed Time Per Partition    ;
+----------------+--------------+
; Partition Name ; Elapsed Time ;
+----------------+--------------+
; Top            ; 00:00:00     ;
+----------------+--------------+


+-------------------------------+
; Analysis & Synthesis Messages ;
+-------------------------------+
Info: *******************************************************************
Info: Running Quartus Prime Analysis & Synthesis
    Info: Version 21.1.1 Build 850 06/23/2022 SJ Standard Edition
    Info: Processing started: Wed Dec  7 16:00:59 2022
Info: Command: quartus_map --read_settings_files=on --write_settings_files=off subtractor -c subtractor
Warning (18236): Number of processors has not been specified which may cause overloading on shared machines.  Set the global assignment NUM_PARALLEL_PROCESSORS in your QSF to an appropriate value for best performance.
Info (20030): Parallel compilation is enabled and will use 12 of the 12 processors detected
Warning (12125): Using design file subtractor.bdf, which is not specified as a design file for the current project, but contains definitions for 1 design units and 1 entities in project
    Info (12023): Found entity 1: subtractor
Info (12127): Elaborating entity "subtractor" for the top level hierarchy
Warning (12125): Using design file mux8_8b.v, which is not specified as a design file for the current project, but contains definitions for 1 design units and 1 entities in project
    Info (12023): Found entity 1: Mux8_8b File: U:/CPRE281/zFinalProj/subtractor/mux8_8b.v Line: 1
Info (12128): Elaborating entity "Mux8_8b" for hierarchy "Mux8_8b:inst48"
Warning (10235): Verilog HDL Always Construct warning at mux8_8b.v(9): variable "W0" is read inside the Always Construct but isn't in the Always Construct's Event Control File: U:/CPRE281/zFinalProj/subtractor/mux8_8b.v Line: 9
Warning (10235): Verilog HDL Always Construct warning at mux8_8b.v(10): variable "W1" is read inside the Always Construct but isn't in the Always Construct's Event Control File: U:/CPRE281/zFinalProj/subtractor/mux8_8b.v Line: 10
Warning (10235): Verilog HDL Always Construct warning at mux8_8b.v(11): variable "W2" is read inside the Always Construct but isn't in the Always Construct's Event Control File: U:/CPRE281/zFinalProj/subtractor/mux8_8b.v Line: 11
Warning (10235): Verilog HDL Always Construct warning at mux8_8b.v(12): variable "W3" is read inside the Always Construct but isn't in the Always Construct's Event Control File: U:/CPRE281/zFinalProj/subtractor/mux8_8b.v Line: 12
Warning (10235): Verilog HDL Always Construct warning at mux8_8b.v(13): variable "W4" is read inside the Always Construct but isn't in the Always Construct's Event Control File: U:/CPRE281/zFinalProj/subtractor/mux8_8b.v Line: 13
Warning (10235): Verilog HDL Always Construct warning at mux8_8b.v(14): variable "W5" is read inside the Always Construct but isn't in the Always Construct's Event Control File: U:/CPRE281/zFinalProj/subtractor/mux8_8b.v Line: 14
Warning (10235): Verilog HDL Always Construct warning at mux8_8b.v(15): variable "W6" is read inside the Always Construct but isn't in the Always Construct's Event Control File: U:/CPRE281/zFinalProj/subtractor/mux8_8b.v Line: 15
Warning (10235): Verilog HDL Always Construct warning at mux8_8b.v(16): variable "W7" is read inside the Always Construct but isn't in the Always Construct's Event Control File: U:/CPRE281/zFinalProj/subtractor/mux8_8b.v Line: 16
Info (12128): Elaborating entity "JKFF2" for hierarchy "JKFF2:inst6"
Info (12130): Elaborated megafunction instantiation "JKFF2:inst6"
Warning (12125): Using design file decoder3to8.v, which is not specified as a design file for the current project, but contains definitions for 1 design units and 1 entities in project
    Info (12023): Found entity 1: Decoder3to8 File: U:/CPRE281/zFinalProj/subtractor/decoder3to8.v Line: 1
Info (12128): Elaborating entity "Decoder3to8" for hierarchy "Decoder3to8:inst44"
Info (13000): Registers with preset signals will power-up high
Info (13003): DEV_CLRn pin will set, and not reset, register with preset signal due to NOT Gate Push-Back
Info (286030): Timing-Driven Synthesis is running
Info (16010): Generating hard_block partition "hard_block:auto_generated_inst"
    Info (16011): Adding 0 node(s), including 0 DDIO, 0 PLL, 0 transceiver and 0 LCELL
Info (21057): Implemented 69 device resources after synthesis - the final resource count might be different
    Info (21058): Implemented 5 input pins
    Info (21059): Implemented 4 output pins
    Info (21061): Implemented 60 logic cells
Info: Quartus Prime Analysis & Synthesis was successful. 0 errors, 12 warnings
    Info: Peak virtual memory: 4867 megabytes
    Info: Processing ended: Wed Dec  7 16:01:06 2022
    Info: Elapsed time: 00:00:07
    Info: Total CPU time (on all processors): 00:00:13


